<?xml version="1.0" encoding="UTF-8"?>
<testng-results skipped="0" failed="0" total="1" passed="1">
  <reporter-output>
  </reporter-output>
  <suite name="Default suite" duration-ms="3630" started-at="2018-12-21T11:12:38Z" finished-at="2018-12-21T11:12:42Z">
    <groups>
    </groups>
    <test name="Default test" duration-ms="3630" started-at="2018-12-21T11:12:38Z" finished-at="2018-12-21T11:12:42Z">
      <class name="restapi.GetAPITest">
        <test-method status="PASS" signature="setUp()[pri:0, instance:restapi.GetAPITest@48eff760]" name="setUp" is-config="true" duration-ms="15" started-at="2018-12-21T16:42:38Z" finished-at="2018-12-21T16:42:38Z">
          <reporter-output>
          </reporter-output>
        </test-method> <!-- setUp -->
        <test-method status="PASS" signature="getAPITestWithoutHeaders()[pri:0, instance:restapi.GetAPITest@48eff760]" name="getAPITestWithoutHeaders" duration-ms="3582" started-at="2018-12-21T16:42:38Z" finished-at="2018-12-21T16:42:42Z">
          <reporter-output>
          </reporter-output>
        </test-method> <!-- getAPITestWithoutHeaders -->
      </class> <!-- restapi.GetAPITest -->
    </test> <!-- Default test -->
  </suite> <!-- Default suite -->
</testng-results>
